C51 COMPILER V9.60.0.0   DELAY                                                             09/25/2023 12:45:56 PAGE 1   


C51 COMPILER V9.60.0.0, COMPILATION OF MODULE DELAY
OBJECT MODULE PLACED IN .\Objects\Delay.obj
COMPILER INVOKED BY: C:\Keil_v5\C51\BIN\C51.EXE src\Delay.c OPTIMIZE(0,SIZE) BROWSE DEBUG OBJECTEXTEND PRINT(.\Listings\
                    -Delay.lst) TABS(2) OBJECT(.\Objects\Delay.obj)

line level    source

   1          #include "main.h"
   2          
   3          void Delay12us()    //@11.0592MHz
   4          {
   5   1        unsigned char i;
   6   1      
   7   1        i = 20;
   8   1        while (--i);
   9   1      }
  10          
  11          void Delay30us()    //@11.0592MHz
  12          {
  13   1        unsigned char i;
  14   1      
  15   1        _nop_();
  16   1        _nop_();
  17   1        i = 108;
  18   1        while (--i);
  19   1      }
  20          
  21          void Delay500ms()   //@11.0592MHz
  22          {
  23   1        unsigned char i, j, k;
  24   1      
  25   1        i = 29;
  26   1        j = 14;
  27   1        k = 54;
  28   1        do
  29   1        {
  30   2          do
  31   2          {
  32   3            while (--k);
  33   3          } while (--j);
  34   2        } while (--i);
  35   1      }


MODULE INFORMATION:   STATIC OVERLAYABLE
   CODE SIZE        =     55    ----
   CONSTANT SIZE    =   ----    ----
   XDATA SIZE       =   ----    ----
   PDATA SIZE       =   ----    ----
   DATA SIZE        =      5    ----
   IDATA SIZE       =   ----    ----
   BIT SIZE         =   ----    ----
END OF MODULE INFORMATION.


C51 COMPILATION COMPLETE.  0 WARNING(S),  0 ERROR(S)
