C51 COMPILER V9.60.0.0   MAIN                                                              09/25/2023 13:00:35 PAGE 1   


C51 COMPILER V9.60.0.0, COMPILATION OF MODULE MAIN
OBJECT MODULE PLACED IN .\Objects\main.obj
COMPILER INVOKED BY: C:\Keil_v5\C51\BIN\C51.EXE src\main.c OPTIMIZE(0,SIZE) BROWSE DEBUG OBJECTEXTEND PRINT(.\Listings\m
                    -ain.lst) TABS(2) OBJECT(.\Objects\main.obj)

line level    source

   1          #include "main.h"
   2          
   3          int main(void)
   4          {
   5   1        int i = 0, dat = 0;
   6   1        UartInit();
   7   1        I2C_Init();
   8   1        while(1)
   9   1        {
  10   2          AXP173_Set_Voltage_DCDC2(800); //mV
  11   2          AXP173_Set_Voltage_LDO4(800);
  12   2          I2C_WriteByte(0x12, 0x1F); //Enable ALL Output
  13   2          if(UartOnMsg) UartOnMessage();
  14   2      //    for(i=0;i<=0x12;i++)
  15   2      //    {
  16   2      //      dat = I2C_ReadByte(i);
  17   2      //      printf("0x%d=0x%d\r\n", i, dat);
  18   2      //      Delay30us();
  19   2      //    }
  20   2          //UartSend(dat);
  21   2          UartSendOK();
  22   2          Delay500ms();
  23   2        }
  24   1      }
  25            


MODULE INFORMATION:   STATIC OVERLAYABLE
   CODE SIZE        =     54    ----
   CONSTANT SIZE    =   ----    ----
   XDATA SIZE       =   ----    ----
   PDATA SIZE       =   ----    ----
   DATA SIZE        =      4    ----
   IDATA SIZE       =   ----    ----
   BIT SIZE         =   ----    ----
END OF MODULE INFORMATION.


C51 COMPILATION COMPLETE.  0 WARNING(S),  0 ERROR(S)
